<?xml version="1.0" encoding="UTF-8"?>
<!-- Generated by org.testng.reporters.JUnitReportReporter -->
<testsuite hostname="DESKTOP-2LAHIO2" failures="0" tests="1" name="testcases.TestCase1" time="40.502" errors="0" timestamp="2023-07-18T00:46:51 GMT-04:00" skipped="0">
  <testcase classname="testcases.TestCase1" name="testCase" time="40.502"/>
  <system-out/>
</testsuite> <!-- testcases.TestCase1 -->
